........................................................................ [ 44%]
........................................................................ [ 88%]
..................                                                       [100%]
=============================== warnings summary ===============================
.venv/lib/python3.10/site-packages/fastapi/testclient.py:1
  /tmp/poncho/sessions/0b37e70a-9546-45e1-96ec-5659adc517fd/repo/.venv/lib/python3.10/site-packages/fastapi/testclient.py:1: StarletteDeprecationWarning: Using `httpx` with `starlette.testclient` is deprecated; install `httpx2` instead.
    from starlette.testclient import TestClient as TestClient  # noqa

-- Docs: https://docs.pytest.org/en/stable/how-to/capture-warnings.html
================================ tests coverage ================================
_______________ coverage: platform linux, python 3.10.12-final-0 _______________

Name                                  Stmts   Miss  Cover   Missing
-------------------------------------------------------------------
config.py                                73      9    88%   70, 72, 74, 76, 83, 90, 95-96, 108
controllers/chat_controller.py           31      2    94%   42-43
controllers/ingest_controller.py         56      4    93%   22-23, 26-27
db/__init__.py                            3      0   100%
db/redis_client.py                       10      0   100%
db/vector.py                             28      5    82%   59, 62, 66, 70, 74
graph/builder.py                         24      0   100%
graph/nodes/__init__.py                   1      0   100%
graph/nodes/generate_answer.py           25      0   100%
graph/nodes/load_memory.py               19      0   100%
graph/nodes/retrieve_context.py          33      0   100%
graph/nodes/self_ingest.py               27      0   100%
graph/nodes/store_memory.py              20      0   100%
graph/nodes/summarize.py                 23      1    96%   15
graph/state.py                           13      0   100%
ingest/keys.py                            6      0   100%
ingest/policies.py                      125      3    98%   100, 247-248
main.py                                  87      5    94%   103-104, 130-132
middlewares/__init__.py                   0      0   100%
middlewares/auth.py                      23      2    91%   43-44
middlewares/logging_setup.py             18      1    94%   16
middlewares/observability.py             30      2    93%   19-20
middlewares/rate_limiter.py              55      3    95%   36-37, 57
prompts/__init__.py                       0      0   100%
prompts/answer.py                        16      1    94%   13
prompts/summarize.py                      2      0   100%
schemas/__init__.py                       3      0   100%
schemas/chat.py                          12      1    92%   14
schemas/ingest.py                        22      2    91%   24, 26
services/chat_service.py                  8      3    62%   10-19
services/ingest_service.py                4      2    50%   7-9
tests/__init__.py                         0      0   100%
tests/conftest.py                        38      1    97%   123
tests/test_adapters.py                  337      0   100%
tests/test_api.py                       143      0   100%
tests/test_audit_fixes.py                51      0   100%
tests/test_audit_fixes_2.py              66      0   100%
tests/test_graph_builder.py              20      1    95%   38
tests/test_graph_integration.py          26      0   100%
tests/test_graph_nodes.py               225      0   100%
tests/test_ingest.py                    145      0   100%
tests/test_ingest_controller.py          63      0   100%
tests/test_main.py                       56      0   100%
tests/test_rate_limiter.py               65      0   100%
tests/test_security.py                   56      0   100%
tests/test_synthesized_isolation.py      55      0   100%
utils/__init__.py                         4      0   100%
utils/embedding_adapter.py               31      0   100%
utils/llm_adapter.py                     28      0   100%
utils/security.py                        41      1    98%   94
-------------------------------------------------------------------
TOTAL                                  2247     49    98%
Coverage XML written to file ../artifacts/reaudit/coverage.xml
162 passed, 1 warning in 60.15s (0:01:00)
